TN:
SF:contracts/GenadropPolygonMArket.sol
FN:31,NFTMarket.initialize
FNDA:0,NFTMarket.initialize
DA:32,0
DA:33,0
FN:68,NFTMarket._authorizeUpgrade
FNDA:0,NFTMarket._authorizeUpgrade
DA:70,0
BRDA:70,0,0,-
BRDA:70,0,1,-
FN:73,NFTMarket.getTokenUri
FNDA:0,NFTMarket.getTokenUri
DA:74,0
FN:77,NFTMarket.getName
FNDA:0,NFTMarket.getName
DA:78,0
FN:81,NFTMarket.getOwner
FNDA:0,NFTMarket.getOwner
DA:82,0
FN:85,NFTMarket.transferOwnership
FNDA:0,NFTMarket.transferOwnership
DA:86,0
BRDA:86,1,0,-
BRDA:86,1,1,-
DA:87,0
BRDA:87,2,0,-
BRDA:87,2,1,-
DA:88,0
FN:92,NFTMarket.createBulkMarketItem
FNDA:0,NFTMarket.createBulkMarketItem
DA:101,0
BRDA:101,3,0,-
BRDA:101,3,1,-
DA:102,0
BRDA:102,4,0,-
BRDA:102,4,1,-
DA:104,0
DA:105,0
FN:117,NFTMarket.createMarketplaceItem
FNDA:0,NFTMarket.createMarketplaceItem
DA:124,0
BRDA:124,5,0,-
BRDA:124,5,1,-
DA:126,0
DA:128,0
FN:139,NFTMarket._hash
FNDA:0,NFTMarket._hash
DA:142,0
FN:152,NFTMarket._verify
FNDA:0,NFTMarket._verify
DA:155,0
FN:158,NFTMarket.nftSale
FNDA:0,NFTMarket.nftSale
DA:163,0
BRDA:163,6,0,-
BRDA:163,6,1,-
DA:164,0
BRDA:164,7,0,-
BRDA:164,7,1,-
DA:168,0
DA:170,0
DA:171,0
DA:176,0
BRDA:176,8,0,-
BRDA:176,8,1,-
DA:177,0
DA:178,0
DA:180,0
DA:183,0
DA:186,0
DA:188,0
FN:197,NFTMarket.withdraw
FNDA:0,NFTMarket.withdraw
DA:198,0
FN:201,NFTMarket.onERC1155Received
FNDA:0,NFTMarket.onERC1155Received
DA:202,0
FN:205,NFTMarket.onERC1155BatchReceived
FNDA:0,NFTMarket.onERC1155BatchReceived
DA:206,0
FN:209,NFTMarket.onERC721Received
FNDA:0,NFTMarket.onERC721Received
DA:210,0
FNF:15
FNH:0
LF:34
LH:0
BRF:18
BRH:0
end_of_record
TN:
SF:contracts/NFT.sol
FN:54,NftMinter.initialize
FNDA:0,NftMinter.initialize
DA:55,0
DA:56,0
DA:57,0
FN:75,NftMinter.owner
FNDA:0,NftMinter.owner
DA:76,0
FN:84,NftMinter.baseURI
FNDA:0,NftMinter.baseURI
DA:85,0
FN:93,NftMinter._setBaseURI
FNDA:0,NftMinter._setBaseURI
DA:94,0
FN:101,NftMinter.tokenURI
FNDA:0,NftMinter.tokenURI
DA:102,0
DA:103,0
DA:106,0
BRDA:106,0,0,-
BRDA:106,0,1,-
DA:107,0
DA:110,0
BRDA:110,1,0,-
BRDA:110,1,1,-
DA:111,0
DA:114,0
FN:124,NftMinter._setTokenURI
FNDA:0,NftMinter._setTokenURI
DA:125,0
DA:126,0
FN:133,NftMinter.name
FNDA:0,NftMinter.name
DA:134,0
FN:141,NftMinter.symbol
FNDA:0,NftMinter.symbol
DA:142,0
FN:148,NftMinter.withdraw
FNDA:0,NftMinter.withdraw
DA:149,0
DA:150,0
BRDA:150,2,0,-
BRDA:150,2,1,-
FN:156,NftMinter.supportsInterface
FNDA:0,NftMinter.supportsInterface
DA:157,0
FN:173,NftMinter.uri
FNDA:0,NftMinter.uri
DA:174,0
FN:184,NftMinter.balanceOf
FNDA:0,NftMinter.balanceOf
DA:185,0
BRDA:185,3,0,-
BRDA:185,3,1,-
DA:186,0
FN:196,NftMinter.balanceOfBatch
FNDA:0,NftMinter.balanceOfBatch
DA:203,0
BRDA:203,4,0,-
BRDA:203,4,1,-
DA:205,0
DA:207,0
DA:208,0
DA:211,0
FN:217,NftMinter.setApprovalForAll
FNDA:0,NftMinter.setApprovalForAll
DA:218,0
FN:224,NftMinter.isApprovedForAll
FNDA:0,NftMinter.isApprovedForAll
DA:225,0
FN:231,NftMinter.safeTransferFrom
FNDA:0,NftMinter.safeTransferFrom
DA:238,0
BRDA:238,5,0,-
BRDA:238,5,1,-
DA:242,0
FN:248,NftMinter.safeBatchTransferFrom
FNDA:0,NftMinter.safeBatchTransferFrom
DA:255,0
BRDA:255,6,0,-
BRDA:255,6,1,-
DA:259,0
FN:274,NftMinter._safeTransferFrom
FNDA:0,NftMinter._safeTransferFrom
DA:281,0
BRDA:281,7,0,-
BRDA:281,7,1,-
DA:283,0
DA:285,0
DA:287,0
DA:288,0
BRDA:288,8,0,-
BRDA:288,8,1,-
DA:290,0
DA:292,0
DA:294,0
DA:296,0
FN:309,NftMinter._safeBatchTransferFrom
FNDA:0,NftMinter._safeBatchTransferFrom
DA:316,0
BRDA:316,9,0,-
BRDA:316,9,1,-
DA:317,0
BRDA:317,10,0,-
BRDA:317,10,1,-
DA:319,0
DA:321,0
DA:323,0
DA:324,0
DA:325,0
DA:327,0
DA:328,0
BRDA:328,11,0,-
BRDA:328,11,1,-
DA:330,0
DA:332,0
DA:335,0
DA:337,0
FN:340,NftMinter.mint
FNDA:0,NftMinter.mint
DA:341,0
FN:345,NftMinter.mintBatch
FNDA:0,NftMinter.mintBatch
DA:350,0
FN:364,NftMinter._mint
FNDA:0,NftMinter._mint
DA:371,0
BRDA:371,12,0,-
BRDA:371,12,1,-
DA:373,0
DA:375,0
DA:377,0
DA:378,0
DA:380,0
DA:382,0
FN:394,NftMinter._mintBatch
FNDA:0,NftMinter._mintBatch
DA:399,0
BRDA:399,13,0,-
BRDA:399,13,1,-
DA:400,0
DA:402,0
DA:403,0
DA:404,0
DA:407,0
DA:410,0
FN:421,NftMinter._burn
FNDA:0,NftMinter._burn
DA:426,0
BRDA:426,14,0,-
BRDA:426,14,1,-
DA:428,0
DA:430,0
DA:432,0
DA:433,0
BRDA:433,15,0,-
BRDA:433,15,1,-
DA:435,0
DA:438,0
FN:448,NftMinter._burnBatch
FNDA:0,NftMinter._burnBatch
DA:453,0
BRDA:453,16,0,-
BRDA:453,16,1,-
DA:454,0
BRDA:454,17,0,-
BRDA:454,17,1,-
DA:456,0
DA:458,0
DA:460,0
DA:461,0
DA:462,0
DA:464,0
DA:465,0
BRDA:465,18,0,-
BRDA:465,18,1,-
DA:467,0
DA:471,0
FN:479,NftMinter._setApprovalForAll
FNDA:0,NftMinter._setApprovalForAll
DA:484,0
BRDA:484,19,0,-
BRDA:484,19,1,-
DA:485,0
DA:486,0
FN:509,NftMinter._beforeTokenTransfer
FNDA:0,NftMinter._beforeTokenTransfer
FN:518,NftMinter._doSafeTransferAcceptanceCheck
FNDA:0,NftMinter._doSafeTransferAcceptanceCheck
DA:526,0
BRDA:526,20,0,-
BRDA:526,20,1,-
DA:527,0
FN:539,NftMinter._doSafeBatchTransferAcceptanceCheck
FNDA:0,NftMinter._doSafeBatchTransferAcceptanceCheck
DA:547,0
BRDA:547,21,0,-
BRDA:547,21,1,-
DA:548,0
FN:562,NftMinter._asSingletonArray
FNDA:0,NftMinter._asSingletonArray
DA:563,0
DA:564,0
DA:566,0
FN:569,NftMinter.setDefaultRoyalty
FNDA:0,NftMinter.setDefaultRoyalty
DA:570,0
FN:573,NftMinter.deleteDefaultRoyalty
FNDA:0,NftMinter.deleteDefaultRoyalty
DA:574,0
FN:578,NftMinter.setTokenRoyalty
FNDA:0,NftMinter.setTokenRoyalty
DA:583,0
FN:586,NftMinter.resetTokenRoyalty
FNDA:0,NftMinter.resetTokenRoyalty
DA:587,0
FNF:34
FNH:0
LF:104
LH:0
BRF:44
BRH:0
end_of_record
TN:
SF:contracts/NftCollectionFactory.sol
FN:25,NftCollection.initialize
FNDA:1,NftCollection.initialize
DA:26,1
BRDA:26,0,0,-
BRDA:26,0,1,-
DA:27,1
DA:28,1
FN:31,NftCollection._authorizeUpgrade
FNDA:1,NftCollection._authorizeUpgrade
DA:33,1
BRDA:33,1,0,-
BRDA:33,1,1,-
FN:35,NftCollection.createCollection
FNDA:1,NftCollection.createCollection
DA:36,1
DA:37,1
DA:39,1
DA:40,1
FN:43,NftCollection.collectionsOf
FNDA:1,NftCollection.collectionsOf
DA:44,1
FNF:4
FNH:4
LF:9
LH:9
BRF:4
BRH:0
end_of_record
TN:
SF:contracts/SinglesNft.sol
FN:62,SingleNftMinter.initialize
FNDA:0,SingleNftMinter.initialize
DA:63,0
DA:64,0
DA:65,0
DA:66,0
FN:69,SingleNftMinter._authorizeUpgrade
FNDA:0,SingleNftMinter._authorizeUpgrade
FN:75,SingleNftMinter.owner
FNDA:0,SingleNftMinter.owner
DA:76,0
FN:84,SingleNftMinter.baseURI
FNDA:0,SingleNftMinter.baseURI
DA:85,0
FN:93,SingleNftMinter._setBaseURI
FNDA:0,SingleNftMinter._setBaseURI
DA:94,0
FN:101,SingleNftMinter.tokenURI
FNDA:0,SingleNftMinter.tokenURI
DA:102,0
DA:103,0
DA:106,0
BRDA:106,0,0,-
BRDA:106,0,1,-
DA:107,0
DA:110,0
BRDA:110,1,0,-
BRDA:110,1,1,-
DA:111,0
DA:114,0
FN:124,SingleNftMinter._setTokenURI
FNDA:0,SingleNftMinter._setTokenURI
DA:125,0
DA:126,0
FN:133,SingleNftMinter.name
FNDA:0,SingleNftMinter.name
DA:134,0
FN:141,SingleNftMinter.symbol
FNDA:0,SingleNftMinter.symbol
DA:142,0
FN:148,SingleNftMinter.withdraw
FNDA:0,SingleNftMinter.withdraw
DA:149,0
DA:150,0
BRDA:150,2,0,-
BRDA:150,2,1,-
FN:156,SingleNftMinter.supportsInterface
FNDA:0,SingleNftMinter.supportsInterface
DA:157,0
FN:173,SingleNftMinter.uri
FNDA:0,SingleNftMinter.uri
DA:174,0
FN:184,SingleNftMinter.balanceOf
FNDA:0,SingleNftMinter.balanceOf
DA:185,0
BRDA:185,3,0,-
BRDA:185,3,1,-
DA:186,0
FN:196,SingleNftMinter.balanceOfBatch
FNDA:0,SingleNftMinter.balanceOfBatch
DA:203,0
BRDA:203,4,0,-
BRDA:203,4,1,-
DA:205,0
DA:207,0
DA:208,0
DA:211,0
FN:217,SingleNftMinter.setApprovalForAll
FNDA:0,SingleNftMinter.setApprovalForAll
DA:218,0
FN:224,SingleNftMinter.isApprovedForAll
FNDA:0,SingleNftMinter.isApprovedForAll
DA:225,0
FN:231,SingleNftMinter.safeTransferFrom
FNDA:0,SingleNftMinter.safeTransferFrom
DA:238,0
BRDA:238,5,0,-
BRDA:238,5,1,-
DA:242,0
FN:248,SingleNftMinter.safeBatchTransferFrom
FNDA:0,SingleNftMinter.safeBatchTransferFrom
DA:255,0
BRDA:255,6,0,-
BRDA:255,6,1,-
DA:259,0
FN:274,SingleNftMinter._safeTransferFrom
FNDA:0,SingleNftMinter._safeTransferFrom
DA:281,0
BRDA:281,7,0,-
BRDA:281,7,1,-
DA:283,0
DA:285,0
DA:287,0
DA:288,0
BRDA:288,8,0,-
BRDA:288,8,1,-
DA:290,0
DA:292,0
DA:294,0
DA:296,0
FN:309,SingleNftMinter._safeBatchTransferFrom
FNDA:0,SingleNftMinter._safeBatchTransferFrom
DA:316,0
BRDA:316,9,0,-
BRDA:316,9,1,-
DA:317,0
BRDA:317,10,0,-
BRDA:317,10,1,-
DA:319,0
DA:321,0
DA:323,0
DA:324,0
DA:325,0
DA:327,0
DA:328,0
BRDA:328,11,0,-
BRDA:328,11,1,-
DA:330,0
DA:332,0
DA:335,0
DA:337,0
FN:340,SingleNftMinter.mint
FNDA:0,SingleNftMinter.mint
DA:341,0
FN:345,SingleNftMinter.mintBatch
FNDA:0,SingleNftMinter.mintBatch
DA:350,0
FN:364,SingleNftMinter._mint
FNDA:0,SingleNftMinter._mint
DA:371,0
BRDA:371,12,0,-
BRDA:371,12,1,-
DA:373,0
DA:375,0
DA:377,0
DA:378,0
DA:380,0
DA:382,0
FN:394,SingleNftMinter._mintBatch
FNDA:0,SingleNftMinter._mintBatch
DA:399,0
BRDA:399,13,0,-
BRDA:399,13,1,-
DA:400,0
DA:402,0
DA:403,0
DA:404,0
DA:407,0
DA:410,0
FN:421,SingleNftMinter._burn
FNDA:0,SingleNftMinter._burn
DA:426,0
BRDA:426,14,0,-
BRDA:426,14,1,-
DA:428,0
DA:430,0
DA:432,0
DA:433,0
BRDA:433,15,0,-
BRDA:433,15,1,-
DA:435,0
DA:438,0
FN:448,SingleNftMinter._burnBatch
FNDA:0,SingleNftMinter._burnBatch
DA:453,0
BRDA:453,16,0,-
BRDA:453,16,1,-
DA:454,0
BRDA:454,17,0,-
BRDA:454,17,1,-
DA:456,0
DA:458,0
DA:460,0
DA:461,0
DA:462,0
DA:464,0
DA:465,0
BRDA:465,18,0,-
BRDA:465,18,1,-
DA:467,0
DA:471,0
FN:479,SingleNftMinter._setApprovalForAll
FNDA:0,SingleNftMinter._setApprovalForAll
DA:484,0
BRDA:484,19,0,-
BRDA:484,19,1,-
DA:485,0
DA:486,0
FN:509,SingleNftMinter._beforeTokenTransfer
FNDA:0,SingleNftMinter._beforeTokenTransfer
FN:518,SingleNftMinter._doSafeTransferAcceptanceCheck
FNDA:0,SingleNftMinter._doSafeTransferAcceptanceCheck
DA:526,0
BRDA:526,20,0,-
BRDA:526,20,1,-
DA:527,0
FN:539,SingleNftMinter._doSafeBatchTransferAcceptanceCheck
FNDA:0,SingleNftMinter._doSafeBatchTransferAcceptanceCheck
DA:547,0
BRDA:547,21,0,-
BRDA:547,21,1,-
DA:548,0
FN:562,SingleNftMinter._asSingletonArray
FNDA:0,SingleNftMinter._asSingletonArray
DA:563,0
DA:564,0
DA:566,0
FN:569,SingleNftMinter.setDefaultRoyalty
FNDA:0,SingleNftMinter.setDefaultRoyalty
DA:570,0
FN:573,SingleNftMinter.deleteDefaultRoyalty
FNDA:0,SingleNftMinter.deleteDefaultRoyalty
DA:574,0
FN:578,SingleNftMinter.setTokenRoyalty
FNDA:0,SingleNftMinter.setTokenRoyalty
DA:583,0
FN:586,SingleNftMinter.resetTokenRoyalty
FNDA:0,SingleNftMinter.resetTokenRoyalty
DA:587,0
FNF:35
FNH:0
LF:105
LH:0
BRF:44
BRH:0
end_of_record
TN:
SF:test/foundry/Collection.t.sol
FN:125,Receiver.onERC1155Received
FNDA:0,Receiver.onERC1155Received
DA:132,0
FN:135,Receiver.onERC1155BatchReceived
FNDA:0,Receiver.onERC1155BatchReceived
DA:142,0
FNF:2
FNH:0
LF:2
LH:0
BRF:0
BRH:0
end_of_record
